<?xml version="1.0" encoding="UTF-8"?>
<!-- Generated by org.testng.reporters.JUnitReportReporter -->
<testsuite hostname="DESKTOP-J1HQF9G" failures="0" tests="3" name="test1.testNG" time="0.025" errors="0" timestamp="2023-08-02T12:51:38 GMT-05:00" skipped="0">
  <testcase classname="test1.testNG" name="testC" time="0.008"/>
  <testcase classname="test1.testNG" name="testA" time="0.009"/>
  <testcase classname="test1.testNG" name="testB" time="0.008"/>
</testsuite> <!-- test1.testNG -->
