<?xml version="1.0" encoding="UTF-8"?>
<!-- Generated by org.testng.reporters.JUnitReportReporter -->
<testsuite hostname="DESKTOP-J1HQF9G" failures="0" tests="1" name="assertion.hardassertion" time="27.328" errors="0" timestamp="2023-08-02T12:51:38 GMT-05:00" skipped="0">
  <testcase classname="assertion.hardassertion" name="click_and_verify_userbutton" time="27.328"/>
</testsuite> <!-- assertion.hardassertion -->
