<?xml version="1.0" encoding="UTF-8"?>
<!-- Generated by org.testng.reporters.JUnitReportReporter -->
<testsuite hostname="DESKTOP-J1HQF9G" failures="0" tests="1" name="assertion.Assert_fail" time="42.593" errors="0" timestamp="2023-08-02T13:15:52 GMT-05:00" skipped="0">
  <testcase classname="assertion.Assert_fail" name="click_and_verify_userbutton" time="42.593"/>
</testsuite> <!-- assertion.Assert_fail -->
