<?xml version="1.0" encoding="UTF-8"?>
<!-- Generated by org.testng.reporters.JUnitReportReporter -->
<testsuite hostname="DESKTOP-J1HQF9G" failures="0" tests="5" name="test1.keyword" time="2.072" errors="0" timestamp="2023-08-02T13:06:00 GMT-05:00" skipped="0">
  <testcase classname="test1.keyword" name="testC" time="2.043"/>
  <testcase classname="test1.keyword" name="testA" time="0.006"/>
  <testcase classname="test1.keyword" name="testD" time="0.009"/>
  <testcase classname="test1.keyword" name="testA" time="0.008"/>
  <testcase classname="test1.keyword" name="testB" time="0.006"/>
</testsuite> <!-- test1.keyword -->
