<?xml version="1.0" encoding="UTF-8"?>
<!-- Generated by org.testng.reporters.JUnitReportReporter -->
<testsuite hostname="DESKTOP-J1HQF9G" failures="0" tests="2" name="assertion.test2" time="31.811" errors="0" timestamp="2023-08-02T12:51:38 GMT-05:00" skipped="0">
  <testcase classname="assertion.test2" name="To_clickon_TaskButton" time="18.485"/>
  <testcase classname="assertion.test2" name="click_and_verify_userbutton" time="13.326"/>
</testsuite> <!-- assertion.test2 -->
