<?xml version="1.0" encoding="UTF-8"?>
<!-- Generated by org.testng.reporters.JUnitReportReporter -->
<testsuite hostname="DESKTOP-J1HQF9G" failures="0" tests="1" name="assertion.test3" time="16.053" errors="0" timestamp="2023-08-01T17:43:52 GMT-05:00" skipped="0">
  <testcase classname="assertion.test3" name="click_and_verify_userbutton" time="16.053"/>
</testsuite> <!-- assertion.test3 -->
