<?xml version="1.0" encoding="UTF-8"?>
<!-- Generated by org.testng.reporters.JUnitReportReporter -->
<testsuite hostname="DESKTOP-J1HQF9G" failures="0" tests="1" name="assertion.test1" time="0.003" errors="0" timestamp="2023-08-02T12:51:38 GMT-05:00" skipped="0">
  <testcase classname="assertion.test1" name="testdemo" time="0.003"/>
</testsuite> <!-- assertion.test1 -->
